<?xml version="1.0" encoding="UTF-8"?>
<Site BuildName="Linux-g++"
	BuildStamp="20240131-1439-Experimental"
	Name="kali"
	Generator="ctest-3.28.1"
	CompilerName="/usr/bin/g++"
	CompilerVersion="11.3.0"
	OSName="Linux"
	Hostname="kali"
	OSRelease="5.18.0-kali5-amd64"
	OSVersion="#1 SMP PREEMPT_DYNAMIC Debian 5.18.5-1kali6 (2022-07-07)"
	OSPlatform="x86_64"
	Is64Bits="1"
	VendorString="GenuineIntel"
	VendorID="Intel Corporation"
	FamilyID="6"
	ModelID="140"
	ProcessorCacheSize="6144"
	NumberOfLogicalCPU="4"
	NumberOfPhysicalCPU="4"
	TotalVirtualMemory="1023"
	TotalPhysicalMemory="7947"
	LogicalProcessorsPerPhysical="1"
	ProcessorClockFrequency="2995.2"
	>
	<Testing>
		<StartDateTime>Jan 31 12:23 EST</StartDateTime>
		<StartTestTime>1706721783</StartTestTime>
		<TestList/>
		<EndDateTime>Jan 31 12:23 EST</EndDateTime>
		<EndTestTime>1706721783</EndTestTime>
		<ElapsedMinutes>0</ElapsedMinutes>
	</Testing>
</Site>
